2025-04-04 11:58:41.637297 - Received CBT.V508.FILE571.PDS from FILE571.XMI 
2025-04-04 11:58:41.643687 - Found $$$#DATE.txt (text/plain) in CBT.V508.FILE571.PDS, moved to PDS/$$$#DATE
2025-04-04 11:58:41.643842 - Found $$NOTE1.txt (text/plain) in CBT.V508.FILE571.PDS, moved to PDS/$$NOTE1
2025-04-04 11:58:41.643988 - Found $$NOTE2.txt (text/plain) in CBT.V508.FILE571.PDS, moved to PDS/$$NOTE2
2025-04-04 11:58:41.644123 - Found $$NOTE3.eml (message/rfc822) in CBT.V508.FILE571.PDS, moved to PDS/$$NOTE3
2025-04-04 11:58:41.644270 - Found $CHANGES.txt (text/plain) in CBT.V508.FILE571.PDS, moved to PDS/$CHANGES
2025-04-04 11:58:41.644389 - Found $COPY.txt (text/plain) in CBT.V508.FILE571.PDS, moved to PDS/$COPY
2025-04-04 11:58:41.644514 - Found $DAST.txt (text/plain) in CBT.V508.FILE571.PDS, moved to PDS/$DAST
2025-04-04 11:58:41.644641 - Found $HERC.txt (text/plain) in CBT.V508.FILE571.PDS, moved to PDS/$HERC
2025-04-04 11:58:41.644759 - Found $INSTALL.txt (text/plain) in CBT.V508.FILE571.PDS, moved to PDS/$INSTALL
2025-04-04 11:58:41.644873 - Found $INTRO.txt (text/plain) in CBT.V508.FILE571.PDS, moved to PDS/$INTRO
2025-04-04 11:58:41.644989 - Found $MVS38J.txt (text/plain) in CBT.V508.FILE571.PDS, moved to PDS/$MVS38J
2025-04-04 11:58:41.645213 - Found $OLDF571.txt (text/plain) in CBT.V508.FILE571.PDS, moved to PDS/$OLDF571
2025-04-04 11:58:41.645327 - Found $README.txt (text/plain) in CBT.V508.FILE571.PDS, moved to PDS/$README
2025-04-04 11:58:41.645447 - Found $RECV.txt (text/plain) in CBT.V508.FILE571.PDS, moved to PDS/$RECV
2025-04-04 11:58:41.645571 - Found $STCP.txt (text/plain) in CBT.V508.FILE571.PDS, moved to PDS/$STCP
2025-04-04 11:58:41.645693 - Found $UTIL.txt (text/plain) in CBT.V508.FILE571.PDS, moved to PDS/$UTIL
2025-04-04 11:58:41.645833 - Found $WORKQ.txt (text/plain) in CBT.V508.FILE571.PDS, moved to PDS/$WORKQ
2025-04-04 11:58:41.645965 - Found $XMIT.txt (text/plain) in CBT.V508.FILE571.PDS, moved to PDS/$XMIT
2025-04-04 11:58:41.646089 - Found $XMI0004.txt (text/plain) in CBT.V508.FILE571.PDS, moved to PDS/$XMI0004
2025-04-04 11:58:41.646213 - Found @FILE571.txt (text/plain) in CBT.V508.FILE571.PDS, moved to PDS/@FILE571
2025-04-04 11:58:41.646328 - Found ASM370.txt (text/plain) in CBT.V508.FILE571.PDS, moved to PDS/ASM370
2025-04-04 11:58:41.646444 - Found DAST#BUG.txt (text/plain) in CBT.V508.FILE571.PDS, moved to PDS/DAST#BUG
2025-04-04 11:58:41.646573 - Found DASTMVCP.txt (text/plain) in CBT.V508.FILE571.PDS, moved to PDS/DASTMVCP
2025-04-04 11:58:41.646696 - Found DASTVTAB.txt (text/plain) in CBT.V508.FILE571.PDS, moved to PDS/DASTVTAB
2025-04-04 11:58:41.646805 - Found DAST370.txt (text/plain) in CBT.V508.FILE571.PDS, moved to PDS/DAST370
2025-04-04 11:58:41.646932 - Found DIAGNOSE.txt (text/plain) in CBT.V508.FILE571.PDS, moved to PDS/DIAGNOSE
2025-04-04 11:58:41.647046 - Found DRCS2.txt (text/plain) in CBT.V508.FILE571.PDS, moved to PDS/DRCS2
2025-04-04 11:58:41.647169 - Found DSACPD.txt (text/plain) in CBT.V508.FILE571.PDS, moved to PDS/DSACPD
2025-04-04 11:58:41.647295 - Found DSAEX.txt (text/plain) in CBT.V508.FILE571.PDS, moved to PDS/DSAEX
2025-04-04 11:58:41.647413 - Found DSCELL.txt (text/plain) in CBT.V508.FILE571.PDS, moved to PDS/DSCELL
2025-04-04 11:58:41.647528 - Found DSSSGD.txt (text/plain) in CBT.V508.FILE571.PDS, moved to PDS/DSSSGD
2025-04-04 11:58:41.647641 - Found DSSSQH.txt (text/plain) in CBT.V508.FILE571.PDS, moved to PDS/DSSSQH
2025-04-04 11:58:41.647759 - Found DSSSVT.txt (text/plain) in CBT.V508.FILE571.PDS, moved to PDS/DSSSVT
2025-04-04 11:58:41.647872 - Found DSTPE.txt (text/plain) in CBT.V508.FILE571.PDS, moved to PDS/DSTPE
2025-04-04 11:58:41.647994 - Found DSWIB.txt (text/plain) in CBT.V508.FILE571.PDS, moved to PDS/DSWIB
2025-04-04 11:58:41.648119 - Found DSWUD.txt (text/plain) in CBT.V508.FILE571.PDS, moved to PDS/DSWUD
2025-04-04 11:58:41.648247 - Found DVADRBUF.txt (text/plain) in CBT.V508.FILE571.PDS, moved to PDS/DVADRBUF
2025-04-04 11:58:41.648367 - Found DXCOPYR1.txt (text/plain) in CBT.V508.FILE571.PDS, moved to PDS/DXCOPYR1
2025-04-04 11:58:41.648481 - Found DXSEG.txt (text/plain) in CBT.V508.FILE571.PDS, moved to PDS/DXSEG
2025-04-04 11:58:41.648598 - Found IHADECB.txt (text/plain) in CBT.V508.FILE571.PDS, moved to PDS/IHADECB
2025-04-04 11:58:41.648727 - Found IHADQE.txt (text/plain) in CBT.V508.FILE571.PDS, moved to PDS/IHADQE
2025-04-04 11:58:41.648866 - Found IHADVCT.txt (text/plain) in CBT.V508.FILE571.PDS, moved to PDS/IHADVCT
2025-04-04 11:58:41.648977 - Found IHAPQE.txt (text/plain) in CBT.V508.FILE571.PDS, moved to PDS/IHAPQE
2025-04-04 11:58:41.649090 - Found IHARTCT.txt (text/plain) in CBT.V508.FILE571.PDS, moved to PDS/IHARTCT
2025-04-04 11:58:41.649217 - Found IHASNP.txt (text/plain) in CBT.V508.FILE571.PDS, moved to PDS/IHASNP
2025-04-04 11:58:41.649330 - Found IHASVC.txt (text/plain) in CBT.V508.FILE571.PDS, moved to PDS/IHASVC
2025-04-04 11:58:41.649445 - Found IM#IGEN.txt (text/plain) in CBT.V508.FILE571.PDS, moved to PDS/IM#IGEN
2025-04-04 11:58:41.649558 - Found IM#IGENF.txt (text/plain) in CBT.V508.FILE571.PDS, moved to PDS/IM#IGENF
2025-04-04 11:58:41.649686 - Found IM#INST.txt (text/plain) in CBT.V508.FILE571.PDS, moved to PDS/IM#INST
2025-04-04 11:58:41.649823 - Found IM#INSTF.txt (text/plain) in CBT.V508.FILE571.PDS, moved to PDS/IM#INSTF
2025-04-04 11:58:41.650128 - Found IM#LALR.txt (text/plain) in CBT.V508.FILE571.PDS, moved to PDS/IM#LALR
2025-04-04 11:58:41.650249 - Found IM#SECT.txt (text/plain) in CBT.V508.FILE571.PDS, moved to PDS/IM#SECT
2025-04-04 11:58:41.650360 - Found IM#SPLIT.txt (text/plain) in CBT.V508.FILE571.PDS, moved to PDS/IM#SPLIT
2025-04-04 11:58:41.650473 - Found IM#STA.txt (text/plain) in CBT.V508.FILE571.PDS, moved to PDS/IM#STA
2025-04-04 11:58:41.650584 - Found IM#SUBL.txt (text/plain) in CBT.V508.FILE571.PDS, moved to PDS/IM#SUBL
2025-04-04 11:58:41.650708 - Found JASM.jcl (text/plain) in CBT.V508.FILE571.PDS, moved to PDS/JASM
2025-04-04 11:58:41.650820 - Found JBUGPDS.jcl (text/plain) in CBT.V508.FILE571.PDS, moved to PDS/JBUGPDS
2025-04-04 11:58:41.650931 - Found JBUGPDSZ.jcl (text/plain) in CBT.V508.FILE571.PDS, moved to PDS/JBUGPDSZ
2025-04-04 11:58:41.651044 - Found JBUGRECV.jcl (text/plain) in CBT.V508.FILE571.PDS, moved to PDS/JBUGRECV
2025-04-04 11:58:41.651159 - Found JBUGSEQ.jcl (text/plain) in CBT.V508.FILE571.PDS, moved to PDS/JBUGSEQ
2025-04-04 11:58:41.651291 - Found JBUGTINY.jcl (text/plain) in CBT.V508.FILE571.PDS, moved to PDS/JBUGTINY
2025-04-04 11:58:41.651407 - Found JBUGTNYZ.jcl (text/plain) in CBT.V508.FILE571.PDS, moved to PDS/JBUGTNYZ
2025-04-04 11:58:41.651518 - Found JBUGXMIT.jcl (text/plain) in CBT.V508.FILE571.PDS, moved to PDS/JBUGXMIT
2025-04-04 11:58:41.651628 - Found JCBTLOAD.jcl (text/plain) in CBT.V508.FILE571.PDS, moved to PDS/JCBTLOAD
2025-04-04 11:58:41.651757 - Found JCBTUNLD.jcl (text/plain) in CBT.V508.FILE571.PDS, moved to PDS/JCBTUNLD
2025-04-04 11:58:41.651870 - Found JCBTXMIT.jcl (text/plain) in CBT.V508.FILE571.PDS, moved to PDS/JCBTXMIT
2025-04-04 11:58:41.651985 - Found JCOMP.jcl (text/plain) in CBT.V508.FILE571.PDS, moved to PDS/JCOMP
2025-04-04 11:58:41.652094 - Found JCOPY.jcl (text/plain) in CBT.V508.FILE571.PDS, moved to PDS/JCOPY
2025-04-04 11:58:41.652209 - Found JDAST.jcl (text/plain) in CBT.V508.FILE571.PDS, moved to PDS/JDAST
2025-04-04 11:58:41.652329 - Found JDASTALL.jcl (text/plain) in CBT.V508.FILE571.PDS, moved to PDS/JDASTALL
2025-04-04 11:58:41.652440 - Found JDAST1.jcl (text/plain) in CBT.V508.FILE571.PDS, moved to PDS/JDAST1
2025-04-04 11:58:41.652551 - Found JDEMOCP1.jcl (text/plain) in CBT.V508.FILE571.PDS, moved to PDS/JDEMOCP1
2025-04-04 11:58:41.652660 - Found JDUMPSSN.jcl (text/plain) in CBT.V508.FILE571.PDS, moved to PDS/JDUMPSSN
2025-04-04 11:58:41.652784 - Found JINITT.jcl (text/plain) in CBT.V508.FILE571.PDS, moved to PDS/JINITT
2025-04-04 11:58:41.652894 - Found JINSTALL.jcl (text/plain) in CBT.V508.FILE571.PDS, moved to PDS/JINSTALL
2025-04-04 11:58:41.653003 - Found JINSTAL1.jcl (text/plain) in CBT.V508.FILE571.PDS, moved to PDS/JINSTAL1
2025-04-04 11:58:41.653114 - Found JLINK.jcl (text/plain) in CBT.V508.FILE571.PDS, moved to PDS/JLINK
2025-04-04 11:58:41.653226 - Found JLOAD.jcl (text/plain) in CBT.V508.FILE571.PDS, moved to PDS/JLOAD
2025-04-04 11:58:41.653352 - Found JRECV.jcl (text/plain) in CBT.V508.FILE571.PDS, moved to PDS/JRECV
2025-04-04 11:58:41.653464 - Found JRECVALL.jcl (text/plain) in CBT.V508.FILE571.PDS, moved to PDS/JRECVALL
2025-04-04 11:58:41.653577 - Found JRECVCBT.jcl (text/plain) in CBT.V508.FILE571.PDS, moved to PDS/JRECVCBT
2025-04-04 11:58:41.653693 - Found JRECVPDS.jcl (text/plain) in CBT.V508.FILE571.PDS, moved to PDS/JRECVPDS
2025-04-04 11:58:41.653821 - Found JRECVSEQ.jcl (text/plain) in CBT.V508.FILE571.PDS, moved to PDS/JRECVSEQ
2025-04-04 11:58:41.653930 - Found JRECV1.jcl (text/plain) in CBT.V508.FILE571.PDS, moved to PDS/JRECV1
2025-04-04 11:58:41.654040 - Found JSTCP.jcl (text/plain) in CBT.V508.FILE571.PDS, moved to PDS/JSTCP
2025-04-04 11:58:41.654151 - Found JSTCPALL.jcl (text/plain) in CBT.V508.FILE571.PDS, moved to PDS/JSTCPALL
2025-04-04 11:58:41.654262 - Found JSTCP1.jcl (text/plain) in CBT.V508.FILE571.PDS, moved to PDS/JSTCP1
2025-04-04 11:58:41.654385 - Found JTEST.jcl (text/plain) in CBT.V508.FILE571.PDS, moved to PDS/JTEST
2025-04-04 11:58:41.654498 - Found JUNLD.jcl (text/plain) in CBT.V508.FILE571.PDS, moved to PDS/JUNLD
2025-04-04 11:58:41.654614 - Found JU370ALL.jcl (text/plain) in CBT.V508.FILE571.PDS, moved to PDS/JU370ALL
2025-04-04 11:58:41.654729 - Found JU3701.jcl (text/plain) in CBT.V508.FILE571.PDS, moved to PDS/JU3701
2025-04-04 11:58:41.654860 - Found JXMIT.jcl (text/plain) in CBT.V508.FILE571.PDS, moved to PDS/JXMIT
2025-04-04 11:58:41.654984 - Found JXMITALL.jcl (text/plain) in CBT.V508.FILE571.PDS, moved to PDS/JXMITALL
2025-04-04 11:58:41.655102 - Found JXMITCP1.jcl (text/plain) in CBT.V508.FILE571.PDS, moved to PDS/JXMITCP1
2025-04-04 11:58:41.655215 - Found JXMITNEW.jcl (text/plain) in CBT.V508.FILE571.PDS, moved to PDS/JXMITNEW
2025-04-04 11:58:41.655335 - Found JXMITPDS.jcl (text/plain) in CBT.V508.FILE571.PDS, moved to PDS/JXMITPDS
2025-04-04 11:58:41.655448 - Found JXMITSEQ.jcl (text/plain) in CBT.V508.FILE571.PDS, moved to PDS/JXMITSEQ
2025-04-04 11:58:41.655562 - Found JXMIT1.jcl (text/plain) in CBT.V508.FILE571.PDS, moved to PDS/JXMIT1
2025-04-04 11:58:41.655680 - Found JZAP.jcl (text/plain) in CBT.V508.FILE571.PDS, moved to PDS/JZAP
2025-04-04 11:58:41.655805 - Found JZAPSSN.jcl (text/plain) in CBT.V508.FILE571.PDS, moved to PDS/JZAPSSN
2025-04-04 11:58:41.655915 - Found JZAPSSN2.jcl (text/plain) in CBT.V508.FILE571.PDS, moved to PDS/JZAPSSN2
2025-04-04 11:58:41.656023 - Found JZTEST.jcl (text/plain) in CBT.V508.FILE571.PDS, moved to PDS/JZTEST
2025-04-04 11:58:41.656130 - Found KBUGDAST.txt (text/plain) in CBT.V508.FILE571.PDS, moved to PDS/KBUGDAST
2025-04-04 11:58:41.656239 - Found KBUGRECV.txt (text/plain) in CBT.V508.FILE571.PDS, moved to PDS/KBUGRECV
2025-04-04 11:58:41.656348 - Found KBUGSTCP.txt (text/plain) in CBT.V508.FILE571.PDS, moved to PDS/KBUGSTCP
2025-04-04 11:58:41.656456 - Found KBUGXMIT.txt (text/plain) in CBT.V508.FILE571.PDS, moved to PDS/KBUGXMIT
2025-04-04 11:58:41.656589 - Found KLNKDAST.txt (text/plain) in CBT.V508.FILE571.PDS, moved to PDS/KLNKDAST
2025-04-04 11:58:41.656701 - Found KLNKRECV.txt (text/plain) in CBT.V508.FILE571.PDS, moved to PDS/KLNKRECV
2025-04-04 11:58:41.656820 - Found KLNKSTCP.txt (text/plain) in CBT.V508.FILE571.PDS, moved to PDS/KLNKSTCP
2025-04-04 11:58:41.656932 - Found KLNKU370.txt (text/plain) in CBT.V508.FILE571.PDS, moved to PDS/KLNKU370
2025-04-04 11:58:41.657050 - Found KLNKXMIT.txt (text/plain) in CBT.V508.FILE571.PDS, moved to PDS/KLNKXMIT
2025-04-04 11:58:41.657306 - Found KLNKXXXX.txt (text/plain) in CBT.V508.FILE571.PDS, moved to PDS/KLNKXXXX
2025-04-04 11:58:41.657478 - Found LICENSE.html (text/html) in CBT.V508.FILE571.PDS, moved to PDS/LICENSE
2025-04-04 11:58:41.657663 - Found LOADLIB.xmi (application/xmit) in CBT.V508.FILE571.PDS, moved to PDS/LOADLIB.xmi
2025-04-04 11:58:41.675208 - Received SBGOLOB.RECV370A.LOAD from LOADLIB.xmi 
2025-04-04 11:58:41.675639 - Found DAST370.bin (application/octet-stream) in SBGOLOB.RECV370A.LOAD, moved to LOADLIB/DAST370
2025-04-04 11:58:41.675782 - Found RECV370.bin (application/octet-stream) in SBGOLOB.RECV370A.LOAD, moved to LOADLIB/RECV370
2025-04-04 11:58:41.675905 - Found U370CODE.bin (application/octet-stream) in SBGOLOB.RECV370A.LOAD, moved to LOADLIB/U370CODE
2025-04-04 11:58:41.676032 - Found XMIT370.bin (application/octet-stream) in SBGOLOB.RECV370A.LOAD, moved to LOADLIB/XMIT370
2025-04-04 11:58:41.676480 - Found NOTERTM.txt (text/plain) in CBT.V508.FILE571.PDS, moved to PDS/NOTERTM
2025-04-04 11:58:41.676621 - Found NOTETCP.txt (text/plain) in CBT.V508.FILE571.PDS, moved to PDS/NOTETCP
2025-04-04 11:58:41.676761 - Found OBJECT.bin (application/octet-stream) in CBT.V508.FILE571.PDS, moved to PDS/OBJECT
2025-04-04 11:58:41.676885 - Found RECV#BUG.txt (text/plain) in CBT.V508.FILE571.PDS, moved to PDS/RECV#BUG
2025-04-04 11:58:41.677024 - Found RECVBLK.txt (text/plain) in CBT.V508.FILE571.PDS, moved to PDS/RECVBLK
2025-04-04 11:58:41.677140 - Found RECVCTL.txt (text/plain) in CBT.V508.FILE571.PDS, moved to PDS/RECVCTL
2025-04-04 11:58:41.677262 - Found RECVGCTL.txt (text/plain) in CBT.V508.FILE571.PDS, moved to PDS/RECVGCTL
2025-04-04 11:58:41.677422 - Found RECVGET.txt (text/plain) in CBT.V508.FILE571.PDS, moved to PDS/RECVGET
2025-04-04 11:58:41.677587 - Found RECVGSEG.txt (text/plain) in CBT.V508.FILE571.PDS, moved to PDS/RECVGSEG
2025-04-04 11:58:41.677707 - Found RECVMSG.txt (text/plain) in CBT.V508.FILE571.PDS, moved to PDS/RECVMSG
2025-04-04 11:58:41.677855 - Found RECVRCPY.txt (text/plain) in CBT.V508.FILE571.PDS, moved to PDS/RECVRCPY
2025-04-04 11:58:41.677987 - Found RECVUTIL.txt (text/plain) in CBT.V508.FILE571.PDS, moved to PDS/RECVUTIL
2025-04-04 11:58:41.678112 - Found RECVVTAB.txt (text/plain) in CBT.V508.FILE571.PDS, moved to PDS/RECVVTAB
2025-04-04 11:58:41.678244 - Found RECV370.txt (text/plain) in CBT.V508.FILE571.PDS, moved to PDS/RECV370
2025-04-04 11:58:41.678375 - Found STCP#BUG.txt (text/plain) in CBT.V508.FILE571.PDS, moved to PDS/STCP#BUG
2025-04-04 11:58:41.678500 - Found STCP#OPT.txt (text/plain) in CBT.V508.FILE571.PDS, moved to PDS/STCP#OPT
2025-04-04 11:58:41.678616 - Found STCPINIT.txt (text/plain) in CBT.V508.FILE571.PDS, moved to PDS/STCPINIT
2025-04-04 11:58:41.678741 - Found STCPLPA.txt (text/plain) in CBT.V508.FILE571.PDS, moved to PDS/STCPLPA
2025-04-04 11:58:41.678872 - Found STCPOPR.txt (text/plain) in CBT.V508.FILE571.PDS, moved to PDS/STCPOPR
2025-04-04 11:58:41.678984 - Found STCPOPT.txt (text/plain) in CBT.V508.FILE571.PDS, moved to PDS/STCPOPT
2025-04-04 11:58:41.679096 - Found STCPSS00.txt (text/plain) in CBT.V508.FILE571.PDS, moved to PDS/STCPSS00
2025-04-04 11:58:41.679211 - Found STCPSS99.txt (text/plain) in CBT.V508.FILE571.PDS, moved to PDS/STCPSS99
2025-04-04 11:58:41.679325 - Found STCPSVC.txt (text/plain) in CBT.V508.FILE571.PDS, moved to PDS/STCPSVC
2025-04-04 11:58:41.679460 - Found STCPSVC0.txt (text/plain) in CBT.V508.FILE571.PDS, moved to PDS/STCPSVC0
2025-04-04 11:58:41.679589 - Found STCPSVC9.txt (text/plain) in CBT.V508.FILE571.PDS, moved to PDS/STCPSVC9
2025-04-04 11:58:41.679703 - Found STCPTSKM.txt (text/plain) in CBT.V508.FILE571.PDS, moved to PDS/STCPTSKM
2025-04-04 11:58:41.679821 - Found STCPVTAB.txt (text/plain) in CBT.V508.FILE571.PDS, moved to PDS/STCPVTAB
2025-04-04 11:58:41.679966 - Found STCP370.txt (text/plain) in CBT.V508.FILE571.PDS, moved to PDS/STCP370
2025-04-04 11:58:41.680079 - Found TCP.txt (text/plain) in CBT.V508.FILE571.PDS, moved to PDS/TCP
2025-04-04 11:58:41.680191 - Found TCPHIP.txt (text/plain) in CBT.V508.FILE571.PDS, moved to PDS/TCPHIP
2025-04-04 11:58:41.680306 - Found TCPHTCP.txt (text/plain) in CBT.V508.FILE571.PDS, moved to PDS/TCPHTCP
2025-04-04 11:58:41.680421 - Found TCPHUDP.txt (text/plain) in CBT.V508.FILE571.PDS, moved to PDS/TCPHUDP
2025-04-04 11:58:41.680546 - Found TCPSOK.txt (text/plain) in CBT.V508.FILE571.PDS, moved to PDS/TCPSOK
2025-04-04 11:58:41.680675 - Found TCPSSTC.txt (text/plain) in CBT.V508.FILE571.PDS, moved to PDS/TCPSSTC
2025-04-04 11:58:41.680788 - Found TESTASM.txt (text/plain) in CBT.V508.FILE571.PDS, moved to PDS/TESTASM
2025-04-04 11:58:41.680914 - Found TESTVTAB.txt (text/plain) in CBT.V508.FILE571.PDS, moved to PDS/TESTVTAB
2025-04-04 11:58:41.681029 - Found TEST370.txt (text/plain) in CBT.V508.FILE571.PDS, moved to PDS/TEST370
2025-04-04 11:58:41.681143 - Found U#DPR.txt (text/plain) in CBT.V508.FILE571.PDS, moved to PDS/U#DPR
2025-04-04 11:58:41.681257 - Found U#EQU.txt (text/plain) in CBT.V508.FILE571.PDS, moved to PDS/U#EQU
2025-04-04 11:58:41.681366 - Found U#SET.txt (text/plain) in CBT.V508.FILE571.PDS, moved to PDS/U#SET
2025-04-04 11:58:41.681482 - Found U@CPD.txt (text/plain) in CBT.V508.FILE571.PDS, moved to PDS/U@CPD
2025-04-04 11:58:41.681609 - Found U@SX.txt (text/plain) in CBT.V508.FILE571.PDS, moved to PDS/U@SX
2025-04-04 11:58:41.681726 - Found UABEND.txt (text/plain) in CBT.V508.FILE571.PDS, moved to PDS/UABEND
2025-04-04 11:58:41.681849 - Found UCALL.txt (text/plain) in CBT.V508.FILE571.PDS, moved to PDS/UCALL
2025-04-04 11:58:41.681978 - Found UDIAG.txt (text/plain) in CBT.V508.FILE571.PDS, moved to PDS/UDIAG
2025-04-04 11:58:41.682096 - Found UESTAE.txt (text/plain) in CBT.V508.FILE571.PDS, moved to PDS/UESTAE
2025-04-04 11:58:41.682207 - Found UFINI.txt (text/plain) in CBT.V508.FILE571.PDS, moved to PDS/UFINI
2025-04-04 11:58:41.682316 - Found ULOCK.txt (text/plain) in CBT.V508.FILE571.PDS, moved to PDS/ULOCK
2025-04-04 11:58:41.682427 - Found ULOG.txt (text/plain) in CBT.V508.FILE571.PDS, moved to PDS/ULOG
2025-04-04 11:58:41.682556 - Found UMOVE.txt (text/plain) in CBT.V508.FILE571.PDS, moved to PDS/UMOVE
2025-04-04 11:58:41.682685 - Found UPEND.txt (text/plain) in CBT.V508.FILE571.PDS, moved to PDS/UPEND
2025-04-04 11:58:41.682798 - Found UPRLOC.txt (text/plain) in CBT.V508.FILE571.PDS, moved to PDS/UPRLOC
2025-04-04 11:58:41.682928 - Found UPROC.txt (text/plain) in CBT.V508.FILE571.PDS, moved to PDS/UPROC
2025-04-04 11:58:41.683043 - Found UPSR.txt (text/plain) in CBT.V508.FILE571.PDS, moved to PDS/UPSR
2025-04-04 11:58:41.683172 - Found UQENV.txt (text/plain) in CBT.V508.FILE571.PDS, moved to PDS/UQENV
2025-04-04 11:58:41.683282 - Found USNAP.txt (text/plain) in CBT.V508.FILE571.PDS, moved to PDS/USNAP
2025-04-04 11:58:41.683399 - Found USTATE.txt (text/plain) in CBT.V508.FILE571.PDS, moved to PDS/USTATE
2025-04-04 11:58:41.683510 - Found UVTAB.txt (text/plain) in CBT.V508.FILE571.PDS, moved to PDS/UVTAB
2025-04-04 11:58:41.683634 - Found UWTO.txt (text/plain) in CBT.V508.FILE571.PDS, moved to PDS/UWTO
2025-04-04 11:58:41.683898 - Found UZERO.txt (text/plain) in CBT.V508.FILE571.PDS, moved to PDS/UZERO
2025-04-04 11:58:41.684033 - Found U370$MDL.txt (text/plain) in CBT.V508.FILE571.PDS, moved to PDS/U370$MDL
2025-04-04 11:58:41.684152 - Found U370#BUG.txt (text/plain) in CBT.V508.FILE571.PDS, moved to PDS/U370#BUG
2025-04-04 11:58:41.684267 - Found U370#VTB.txt (text/plain) in CBT.V508.FILE571.PDS, moved to PDS/U370#VTB
2025-04-04 11:58:41.684530 - Found U370ABND.txt (text/plain) in CBT.V508.FILE571.PDS, moved to PDS/U370ABND
2025-04-04 11:58:41.684676 - Found U370AP00.txt (text/plain) in CBT.V508.FILE571.PDS, moved to PDS/U370AP00
2025-04-04 11:58:41.684807 - Found U370AP99.txt (text/plain) in CBT.V508.FILE571.PDS, moved to PDS/U370AP99
2025-04-04 11:58:41.684936 - Found U370CHAR.txt (text/plain) in CBT.V508.FILE571.PDS, moved to PDS/U370CHAR
2025-04-04 11:58:41.685065 - Found U370DATE.txt (text/plain) in CBT.V508.FILE571.PDS, moved to PDS/U370DATE
2025-04-04 11:58:41.685191 - Found U370DBUG.txt (text/plain) in CBT.V508.FILE571.PDS, moved to PDS/U370DBUG
2025-04-04 11:58:41.685316 - Found U370HERC.txt (text/plain) in CBT.V508.FILE571.PDS, moved to PDS/U370HERC
2025-04-04 11:58:41.685433 - Found U370HEX.txt (text/plain) in CBT.V508.FILE571.PDS, moved to PDS/U370HEX
2025-04-04 11:58:41.685561 - Found U370LOG.txt (text/plain) in CBT.V508.FILE571.PDS, moved to PDS/U370LOG
2025-04-04 11:58:41.685691 - Found U370PSR.txt (text/plain) in CBT.V508.FILE571.PDS, moved to PDS/U370PSR
2025-04-04 11:58:41.685829 - Found U370QENV.txt (text/plain) in CBT.V508.FILE571.PDS, moved to PDS/U370QENV
2025-04-04 11:58:41.685975 - Found U370QSS.txt (text/plain) in CBT.V508.FILE571.PDS, moved to PDS/U370QSS
2025-04-04 11:58:41.686113 - Found U370QTCB.txt (text/plain) in CBT.V508.FILE571.PDS, moved to PDS/U370QTCB
2025-04-04 11:58:41.686238 - Found U370SDWA.txt (text/plain) in CBT.V508.FILE571.PDS, moved to PDS/U370SDWA
2025-04-04 11:58:41.686512 - Found U370SNAP.txt (text/plain) in CBT.V508.FILE571.PDS, moved to PDS/U370SNAP
2025-04-04 11:58:41.686632 - Found U370STAE.txt (text/plain) in CBT.V508.FILE571.PDS, moved to PDS/U370STAE
2025-04-04 11:58:41.686742 - Found U370TIOT.txt (text/plain) in CBT.V508.FILE571.PDS, moved to PDS/U370TIOT
2025-04-04 11:58:41.686868 - Found U370VADR.txt (text/plain) in CBT.V508.FILE571.PDS, moved to PDS/U370VADR
2025-04-04 11:58:41.687006 - Found U370WTO.txt (text/plain) in CBT.V508.FILE571.PDS, moved to PDS/U370WTO
2025-04-04 11:58:41.687121 - Found WADAST.txt (text/plain) in CBT.V508.FILE571.PDS, moved to PDS/WADAST
2025-04-04 11:58:41.687246 - Found WARECV.txt (text/plain) in CBT.V508.FILE571.PDS, moved to PDS/WARECV
2025-04-04 11:58:41.687485 - Found WARGS.txt (text/plain) in CBT.V508.FILE571.PDS, moved to PDS/WARGS
2025-04-04 11:58:41.687730 - Found WASTCP.txt (text/plain) in CBT.V508.FILE571.PDS, moved to PDS/WASTCP
2025-04-04 11:58:41.687862 - Found WATGD.txt (text/plain) in CBT.V508.FILE571.PDS, moved to PDS/WATGD
2025-04-04 11:58:41.687988 - Found WAXMIT.txt (text/plain) in CBT.V508.FILE571.PDS, moved to PDS/WAXMIT
2025-04-04 11:58:41.688099 - Found WAXPS.txt (text/plain) in CBT.V508.FILE571.PDS, moved to PDS/WAXPS
2025-04-04 11:58:41.688249 - Found XFASM.xmi (application/xmit) in CBT.V508.FILE571.PDS, moved to PDS/XFASM.xmi
2025-04-04 11:58:41.718338 - Received SBGOLOB.XFASM.LOAD from XFASM.xmi 
2025-04-04 11:58:41.718964 - Found IFOX00.bin (application/octet-stream) in SBGOLOB.XFASM.LOAD, moved to XFASM/IFOX00
2025-04-04 11:58:41.719361 - Found IFOX01.bin (application/octet-stream) in SBGOLOB.XFASM.LOAD, moved to XFASM/IFOX01
2025-04-04 11:58:41.719509 - Found IFOX02.bin (application/octet-stream) in SBGOLOB.XFASM.LOAD, moved to XFASM/IFOX02
2025-04-04 11:58:41.719643 - Found IFOX03.bin (application/octet-stream) in SBGOLOB.XFASM.LOAD, moved to XFASM/IFOX03
2025-04-04 11:58:41.719774 - Found IFOX04.bin (application/octet-stream) in SBGOLOB.XFASM.LOAD, moved to XFASM/IFOX04
2025-04-04 11:58:41.719897 - Found IFOX05.bin (application/octet-stream) in SBGOLOB.XFASM.LOAD, moved to XFASM/IFOX05
2025-04-04 11:58:41.720037 - Found IFOX06.bin (application/octet-stream) in SBGOLOB.XFASM.LOAD, moved to XFASM/IFOX06
2025-04-04 11:58:41.720174 - Found IFOX07.bin (application/octet-stream) in SBGOLOB.XFASM.LOAD, moved to XFASM/IFOX07
2025-04-04 11:58:41.720314 - Found IFOX11.bin (application/octet-stream) in SBGOLOB.XFASM.LOAD, moved to XFASM/IFOX11
2025-04-04 11:58:41.720464 - Found IFOX21.bin (application/octet-stream) in SBGOLOB.XFASM.LOAD, moved to XFASM/IFOX21
2025-04-04 11:58:41.720614 - Found IFOX31.bin (application/octet-stream) in SBGOLOB.XFASM.LOAD, moved to XFASM/IFOX31
2025-04-04 11:58:41.720761 - Found IFOX41.bin (application/octet-stream) in SBGOLOB.XFASM.LOAD, moved to XFASM/IFOX41
2025-04-04 11:58:41.721204 - Found IFOX42.bin (application/octet-stream) in SBGOLOB.XFASM.LOAD, moved to XFASM/IFOX42
2025-04-04 11:58:41.721359 - Found IFOX51.bin (application/octet-stream) in SBGOLOB.XFASM.LOAD, moved to XFASM/IFOX51
2025-04-04 11:58:41.721518 - Found IFOX61.bin (application/octet-stream) in SBGOLOB.XFASM.LOAD, moved to XFASM/IFOX61
2025-04-04 11:58:41.721671 - Found IFOX62.bin (application/octet-stream) in SBGOLOB.XFASM.LOAD, moved to XFASM/IFOX62
2025-04-04 11:58:41.722511 - Found XMIT#BUG.txt (text/plain) in CBT.V508.FILE571.PDS, moved to PDS/XMIT#BUG
2025-04-04 11:58:41.722680 - Found XMITBUF.txt (text/plain) in CBT.V508.FILE571.PDS, moved to PDS/XMITBUF
2025-04-04 11:58:41.722832 - Found XMITCPR1.txt (text/plain) in CBT.V508.FILE571.PDS, moved to PDS/XMITCPR1
2025-04-04 11:58:41.722997 - Found XMITDIR.txt (text/plain) in CBT.V508.FILE571.PDS, moved to PDS/XMITDIR
2025-04-04 11:58:41.723267 - Found XMITESZ.txt (text/plain) in CBT.V508.FILE571.PDS, moved to PDS/XMITESZ
2025-04-04 11:58:41.723416 - Found XMITKDSN.txt (text/plain) in CBT.V508.FILE571.PDS, moved to PDS/XMITKDSN
2025-04-04 11:58:41.723596 - Found XMITKEY.txt (text/plain) in CBT.V508.FILE571.PDS, moved to PDS/XMITKEY
2025-04-04 11:58:41.723756 - Found XMITPUT.txt (text/plain) in CBT.V508.FILE571.PDS, moved to PDS/XMITPUT
2025-04-04 11:58:41.723917 - Found XMITUNLD.txt (text/plain) in CBT.V508.FILE571.PDS, moved to PDS/XMITUNLD
2025-04-04 11:58:41.724075 - Found XMITVTAB.txt (text/plain) in CBT.V508.FILE571.PDS, moved to PDS/XMITVTAB
2025-04-04 11:58:41.724248 - Found XMIT01.txt (text/plain) in CBT.V508.FILE571.PDS, moved to PDS/XMIT01
2025-04-04 11:58:41.724422 - Found XMIT02A.txt (text/plain) in CBT.V508.FILE571.PDS, moved to PDS/XMIT02A
2025-04-04 11:58:41.724603 - Found XMIT02B.txt (text/plain) in CBT.V508.FILE571.PDS, moved to PDS/XMIT02B
2025-04-04 11:58:41.724774 - Found XMIT03.txt (text/plain) in CBT.V508.FILE571.PDS, moved to PDS/XMIT03
2025-04-04 11:58:41.724924 - Found XMIT06.txt (text/plain) in CBT.V508.FILE571.PDS, moved to PDS/XMIT06
2025-04-04 11:58:41.725098 - Found XMIT370.txt (text/plain) in CBT.V508.FILE571.PDS, moved to PDS/XMIT370
2025-04-04 11:58:41.725253 - Found ZTEST.txt (text/plain) in CBT.V508.FILE571.PDS, moved to PDS/ZTEST
